Base path: C:/Program Files (x86)/Unity/Editor/Data
Pipe name: \\.\pipe\UnityShaderCompiler-3-4308
Cmd: getPlatforms
Cmd: compileSnippet
  api=1 type=0 insize=1590 outsize=398 kw= ok=1
Cmd: compileSnippet
  api=1 type=0 insize=956 outsize=565 kw= ok=1
Cmd: compileSnippet
  api=1 type=0 insize=780 outsize=565 kw= ok=1
Cmd: compileSnippet
  api=8 type=0 insize=2105 outsize=12683 kw=DIRECTIONAL SHADOWS_OFF LIGHTMAP_OFF DIRLIGHTMAP_OFF ok=1
Cmd: compileSnippet
  api=8 type=0 insize=2105 outsize=16234 kw=DIRECTIONAL SHADOWS_OFF LIGHTMAP_OFF DIRLIGHTMAP_OFF VERTEXLIGHT_ON ok=1
Cmd: compileSnippet
  api=8 type=1 insize=2105 outsize=1512 kw=DIRECTIONAL SHADOWS_OFF LIGHTMAP_OFF DIRLIGHTMAP_OFF ok=1
Cmd: compileSnippet
  api=8 type=0 insize=1194 outsize=7492 kw=SHADOWS_DEPTH ok=1
Cmd: compileSnippet
  api=0 type=1 insize=1194 outsize=467 kw=SHADOWS_CUBE ok=1
Cmd: compileSnippet
  api=1 type=0 insize=971 outsize=1671 kw=SHADOWS_NATIVE ok=1
Cmd: compileSnippet
  api=4 type=0 insize=971 outsize=6791 kw=SHADOWS_NATIVE ok=1
Cmd: compileSnippet
  api=8 type=0 insize=971 outsize=10181 kw=SHADOWS_SPLIT_SPHERES SHADOWS_NATIVE ok=1
Cmd: compileSnippet
  api=1 type=1 insize=971 outsize=736 kw=SHADOWS_NATIVE ok=1
Cmd: compileSnippet
  api=0 type=1 insize=971 outsize=1178 kw=SHADOWS_SPLIT_SPHERES SHADOWS_NONATIVE ok=1
Cmd: compileSnippet
  api=1 type=1 insize=971 outsize=955 kw=SHADOWS_SPLIT_SPHERES SHADOWS_NATIVE ok=1
Cmd: compileSnippet
  api=1 type=0 insize=6648 outsize=723 kw= ok=1
Cmd: compileSnippet
  api=8 type=1 insize=6648 outsize=634 kw= ok=1
Cmd: compileSnippet
  api=1 type=0 insize=6659 outsize=1442 kw= ok=1
Cmd: compileSnippet
  api=1 type=1 insize=6659 outsize=1765 kw= ok=1
Cmd: compileSnippet
  api=8 type=0 insize=6636 outsize=6972 kw= ok=1
Cmd: compileSnippet
  api=1 type=0 insize=1999 outsize=317 kw=LIGHTMAP_ON ok=1
Cmd: compileSnippet
  api=1 type=0 insize=1999 outsize=312 kw=LIGHTMAP_OFF ok=1
Cmd: compileSnippet
  api=0 type=1 insize=1999 outsize=718 kw=LIGHTMAP_ON ok=1
Cmd: compileSnippet
  api=1 type=0 insize=1020 outsize=171 kw= ok=1
Cmd: compileSnippet
  api=1 type=0 insize=5117 outsize=2364 kw=DIRECTIONAL SHADOWS_OFF LIGHTMAP_OFF DIRLIGHTMAP_OFF ok=1
Cmd: compileSnippet
  api=1 type=0 insize=5117 outsize=2473 kw=DIRECTIONAL SHADOWS_SCREEN LIGHTMAP_OFF DIRLIGHTMAP_OFF ok=1
Cmd: compileSnippet
  api=0 type=0 insize=5117 outsize=3627 kw=DIRECTIONAL SHADOWS_OFF LIGHTMAP_OFF DIRLIGHTMAP_OFF VERTEXLIGHT_ON ok=1
Cmd: compileSnippet
  api=4 type=0 insize=5117 outsize=9870 kw=DIRECTIONAL SHADOWS_OFF LIGHTMAP_OFF DIRLIGHTMAP_OFF VERTEXLIGHT_ON ok=1
Cmd: compileSnippet
  api=8 type=0 insize=5117 outsize=15665 kw=DIRECTIONAL SHADOWS_SCREEN LIGHTMAP_OFF DIRLIGHTMAP_OFF VERTEXLIGHT_ON ok=1
Cmd: compileSnippet
  api=1 type=1 insize=5117 outsize=923 kw=DIRECTIONAL SHADOWS_OFF LIGHTMAP_OFF DIRLIGHTMAP_OFF ok=1
Cmd: compileSnippet
  api=8 type=1 insize=5117 outsize=5030 kw=DIRECTIONAL SHADOWS_SCREEN LIGHTMAP_OFF DIRLIGHTMAP_OFF ok=1
Cmd: compileSnippet
  api=0 type=0 insize=2922 outsize=2822 kw=POINT ok=1
Cmd: compileSnippet
  api=0 type=0 insize=2922 outsize=2861 kw=SPOT ok=1
Cmd: compileSnippet
  api=4 type=0 insize=2922 outsize=7798 kw=SPOT ok=1
Cmd: compileSnippet
  api=4 type=0 insize=2922 outsize=7798 kw=POINT_COOKIE ok=1
Cmd: compileSnippet
  api=4 type=0 insize=2922 outsize=7709 kw=DIRECTIONAL_COOKIE ok=1
Cmd: compileSnippet
  api=0 type=1 insize=2922 outsize=1021 kw=DIRECTIONAL ok=1
Cmd: compileSnippet
  api=0 type=1 insize=2922 outsize=1451 kw=SPOT ok=1
Cmd: compileSnippet
  api=4 type=1 insize=2922 outsize=3842 kw=SPOT ok=1
Cmd: compileSnippet
  api=1 type=1 insize=2922 outsize=1151 kw=POINT_COOKIE ok=1
Cmd: compileSnippet
  api=0 type=1 insize=2922 outsize=1142 kw=DIRECTIONAL_COOKIE ok=1
Cmd: compileSnippet
  api=4 type=1 insize=2922 outsize=3151 kw=DIRECTIONAL_COOKIE ok=1
Cmd: compileSnippet
  api=8 type=0 insize=2201 outsize=7492 kw=SHADOWS_DEPTH ok=1
Cmd: compileSnippet
  api=0 type=1 insize=2201 outsize=434 kw=SHADOWS_CUBE ok=1
Cmd: compileSnippet
  api=8 type=1 insize=2201 outsize=2218 kw=SHADOWS_CUBE ok=1
Cmd: compileSnippet
  api=1 type=0 insize=2246 outsize=1671 kw=SHADOWS_NATIVE ok=1
Cmd: compileSnippet
  api=1 type=0 insize=2246 outsize=1671 kw=SHADOWS_SPLIT_SPHERES SHADOWS_NONATIVE ok=1
Cmd: compileSnippet
  api=1 type=0 insize=2246 outsize=1671 kw=SHADOWS_SPLIT_SPHERES SHADOWS_NATIVE ok=1
Cmd: compileSnippet
  api=1 type=1 insize=2246 outsize=741 kw=SHADOWS_NONATIVE ok=1
Cmd: compileSnippet
  api=8 type=1 insize=2246 outsize=3965 kw=SHADOWS_NATIVE ok=1
Cmd: compileSnippet
  api=1 type=0 insize=952 outsize=171 kw= ok=1
Cmd: compileSnippet
  api=1 type=1 insize=952 outsize=126 kw= ok=1
Unhandled exception: Readfile from pipe failed. GLE=The pipe has been ended.


Quitting shader compiler process
